<?xml version="1.0" encoding="UTF-8"?>
<!-- Generated by org.testng.reporters.JUnitReportReporter -->
<testsuite hostname="Yugandher-QA" name="com.forys.rise.LoginTests.LoginTest" tests="1" failures="0" timestamp="11 Sep 2021 07:08:34 GMT" time="0.045" errors="0">
  <testcase name="testLogin" time="0.045" classname="com.forys.rise.LoginTests.LoginTest"/>
</testsuite> <!-- com.forys.rise.LoginTests.LoginTest -->
