<?xml version="1.0" encoding="UTF-8"?>
<!-- Generated by org.testng.reporters.JUnitReportReporter -->
<testsuite skipped="0" hostname="Yugandher-QA" name="com.forsys.rise.LoginTests.LoginTest" tests="2" failures="0" timestamp="25 Sep 2021 17:56:58 GMT" time="0.099" errors="0">
  <testcase name="testLogin" time="0.058" classname="com.forsys.rise.LoginTests.LoginTest"/>
  <testcase name="testLogin2" time="0.041" classname="com.forsys.rise.LoginTests.LoginTest"/>
</testsuite> <!-- com.forsys.rise.LoginTests.LoginTest -->
