<?xml version="1.0" encoding="UTF-8"?>
<!-- Generated by org.testng.reporters.JUnitReportReporter -->
<testsuite hostname="Yugandher-QA" name="com.forsys.rise.LoginTests.LoginTest" tests="2" failures="0" timestamp="26 Sep 2021 18:00:47 GMT" time="0.081" errors="0">
  <testcase name="testLogin2" time="0.048" classname="com.forsys.rise.LoginTests.LoginTest"/>
  <testcase name="testLogin" time="0.033" classname="com.forsys.rise.LoginTests.LoginTest"/>
</testsuite> <!-- com.forsys.rise.LoginTests.LoginTest -->
