<?xml version="1.0" encoding="UTF-8"?>
<!-- Generated by org.testng.reporters.JUnitReportReporter -->
<testsuite hostname="Yugandher-QA" name="com.forsys.rise.LoginTests.LoginTest" tests="2" failures="0" timestamp="26 Sep 2021 13:36:32 GMT" time="0.065" errors="0">
  <testcase name="testLogin" time="0.035" classname="com.forsys.rise.LoginTests.LoginTest"/>
  <testcase name="testLogin2" time="0.030" classname="com.forsys.rise.LoginTests.LoginTest"/>
</testsuite> <!-- com.forsys.rise.LoginTests.LoginTest -->
